<?xml version="1.0" encoding="UTF-8"?>
<testng-results skipped="0" failed="0" ignored="0" total="1" passed="1">
  <reporter-output>
  </reporter-output>
  <suite name="Default suite" duration-ms="281386" started-at="2020-11-30T20:39:17 IST" finished-at="2020-11-30T20:43:59 IST">
    <groups>
    </groups>
    <test name="Default test" duration-ms="281386" started-at="2020-11-30T20:39:17 IST" finished-at="2020-11-30T20:43:59 IST">
      <class name="test.MainActivity">
        <test-method status="PASS" signature="before()[pri:0, instance:test.MainActivity@7a187f14]" name="before" is-config="true" duration-ms="55533" started-at="2020-11-30T20:39:17 IST" finished-at="2020-11-30T20:40:13 IST">
          <reporter-output>
          </reporter-output>
        </test-method> <!-- before -->
        <test-method status="PASS" signature="amazonTest()[pri:0, instance:test.MainActivity@7a187f14]" name="amazonTest" duration-ms="220483" started-at="2020-11-30T20:40:13 IST" finished-at="2020-11-30T20:43:54 IST">
          <reporter-output>
          </reporter-output>
        </test-method> <!-- amazonTest -->
        <test-method status="PASS" signature="getResult(org.testng.ITestResult)[pri:0, instance:test.MainActivity@7a187f14]" name="getResult" is-config="true" duration-ms="4" started-at="2020-11-30T20:43:54 IST" finished-at="2020-11-30T20:43:54 IST">
          <params>
            <param index="0">
              <value>
                <![CDATA[[TestResult name=amazonTest status=SUCCESS method=MainActivity.amazonTest()[pri:0, instance:test.MainActivity@7a187f14] output={null}]]]>
              </value>
            </param>
          </params>
          <reporter-output>
          </reporter-output>
        </test-method> <!-- getResult -->
        <test-method status="PASS" signature="after()[pri:0, instance:test.MainActivity@7a187f14]" name="after" is-config="true" duration-ms="5269" started-at="2020-11-30T20:43:54 IST" finished-at="2020-11-30T20:43:59 IST">
          <reporter-output>
          </reporter-output>
        </test-method> <!-- after -->
      </class> <!-- test.MainActivity -->
    </test> <!-- Default test -->
  </suite> <!-- Default suite -->
</testng-results>
